Fri Apr 26 13:51:21 2019 >>> src/MolecularModeling/Assembly/assemblybuilder.cc:1739 >>> [INFO]: Reading PDB file into PdbFileSpace::PdbFile structure ...
Fri Apr 26 13:51:21 2019 >>> src/InputSet/PdbFileSpace/pdbfile.cc:186 >>> [INFO]: Opening PDB file ...
Fri Apr 26 13:51:21 2019 >>> src/InputSet/PdbFileSpace/pdbfile.cc:5013 >>> [INFO]: End of file
Fri Apr 26 13:51:21 2019 >>> src/MolecularModeling/Assembly/assemblybuilder.cc:1754 >>> [INFO]: Building assembly from pdb file ...
Fri Apr 26 13:51:21 2019 >>> src/MolecularModeling/Assembly/assemblybuilder.cc:1758 >>> [INFO]: Assembly cleared ...
Fri Apr 26 13:51:21 2019 >>> src/MolecularModeling/Assembly/assemblybuilder.cc:1761 >>> [INFO]: Parameter File Created ...
Fri Apr 26 13:51:22 2019 >>> src/MolecularModeling/Assembly/structurebuilder.cc:613 >>> [INFO]: Building structure by distance ...
Fri Apr 26 13:52:29 2019 >>> src/MolecularModeling/Assembly/assemblybuilder.cc:1739 >>> [INFO]: Reading PDB file into PdbFileSpace::PdbFile structure ...
Fri Apr 26 13:52:29 2019 >>> src/InputSet/PdbFileSpace/pdbfile.cc:186 >>> [INFO]: Opening PDB file ...
Fri Apr 26 13:52:29 2019 >>> src/InputSet/PdbFileSpace/pdbfile.cc:5013 >>> [INFO]: End of file
Fri Apr 26 13:52:29 2019 >>> src/MolecularModeling/Assembly/assemblybuilder.cc:1754 >>> [INFO]: Building assembly from pdb file ...
Fri Apr 26 13:52:29 2019 >>> src/MolecularModeling/Assembly/assemblybuilder.cc:1758 >>> [INFO]: Assembly cleared ...
Fri Apr 26 13:52:29 2019 >>> src/MolecularModeling/Assembly/assemblybuilder.cc:1761 >>> [INFO]: Parameter File Created ...
Fri Apr 26 13:52:29 2019 >>> src/MolecularModeling/Assembly/structurebuilder.cc:613 >>> [INFO]: Building structure by distance ...
Mon Oct 14 13:16:33 2019 >>> src/MolecularModeling/Assembly/assemblybuilder.cc:1828 >>> [INFO]: Reading PDB file into PdbFileSpace::PdbFile structure ...
Mon Oct 14 13:16:33 2019 >>> src/InputSet/PdbFileSpace/pdbfile.cc:184 >>> [INFO]: Opening PDB file ...
Mon Oct 14 13:16:34 2019 >>> src/InputSet/PdbFileSpace/pdbfile.cc:5043 >>> [INFO]: End of file
Mon Oct 14 13:16:34 2019 >>> src/MolecularModeling/Assembly/assemblybuilder.cc:1864 >>> [INFO]: Building assembly from pdb file ...
Mon Oct 14 13:16:34 2019 >>> src/MolecularModeling/Assembly/assemblybuilder.cc:1868 >>> [INFO]: Assembly cleared ...
Mon Oct 14 13:16:34 2019 >>> src/MolecularModeling/Assembly/assemblybuilder.cc:1871 >>> [INFO]: Parameter File Created ...
Mon Oct 14 13:16:34 2019 >>> src/MolecularModeling/Assembly/structurebuilder.cc:614 >>> [INFO]: Building structure by distance ...
